<?xml version="1.0" encoding="utf-8"?><testsuites name="pytest tests"><testsuite name="pytest" errors="0" failures="0" skipped="0" tests="32" time="5.032" timestamp="2026-07-22T12:32:22.455469+00:00" hostname="agent-env-0be18d86-d03b-482b-bccb-5d33e57fc170"><testcase classname="tests.backend_test.TestProducts" name="test_list_all_products" time="0.123" /><testcase classname="tests.backend_test.TestAdminEndpoints" name="test_unauth_orders_list_rejected" time="0.139" /><testcase classname="tests.backend_test.TestProducts" name="test_category_filter[brownies]" time="0.109" /><testcase classname="tests.backend_test.TestAdminEndpoints" name="test_unauth_broadcast_rejected" time="0.146" /><testcase classname="tests.backend_test.TestProducts" name="test_category_filter[cakes]" time="0.097" /><testcase classname="tests.backend_test.TestAdminEndpoints" name="test_unauth_stats_rejected" time="0.103" /><testcase classname="tests.backend_test.TestProducts" name="test_category_filter[cookies]" time="0.098" /><testcase classname="tests.backend_test.TestProducts" name="test_category_filter[cupcakes]" time="0.294" /><testcase classname="tests.backend_test.TestProducts" name="test_category_filter[eggless]" time="0.093" /><testcase classname="tests.backend_test.TestAdminEndpoints" name="test_customer_cannot_access_admin_orders" time="0.908" /><testcase classname="tests.backend_test.TestAuth" name="test_admin_login_success" time="0.755" /><testcase classname="tests.backend_test.TestAdminEndpoints" name="test_admin_list_orders" time="0.374" /><testcase classname="tests.backend_test.TestAuth" name="test_admin_login_sets_cookie" time="0.344" /><testcase classname="tests.backend_test.TestAdminEndpoints" name="test_admin_stats" time="0.248" /><testcase classname="tests.backend_test.TestAuth" name="test_bad_credentials" time="0.332" /><testcase classname="tests.backend_test.TestAdminEndpoints" name="test_admin_broadcast_mock" time="0.329" /><testcase classname="tests.backend_test.TestAdminEndpoints" name="test_update_order_status_flow" time="0.903" /><testcase classname="tests.backend_test.TestAuth" name="test_customer_me" time="0.705" /><testcase classname="tests.backend_test.TestAuth" name="test_me_unauthenticated" time="0.097" /><testcase classname="tests.backend_test.TestGuestOrder" name="test_invalid_phone_rejected" time="0.191" /><testcase classname="tests.backend_test.TestAdminEndpoints" name="test_product_crud" time="0.549" /><testcase classname="tests.backend_test.TestGuestOrder" name="test_create_guest_order" time="0.217" /><testcase classname="tests.backend_test.TestGuestOrder" name="test_track_order" time="0.096" /><testcase classname="tests.backend_test.TestGuestOrder" name="test_track_missing" time="0.098" /><testcase classname="tests.backend_test.TestReviews" name="test_public_reviews_are_approved_only" time="0.107" /><testcase classname="tests.backend_test.TestAdminEndpoints" name="test_unauth_product_create_rejected" time="0.107" /><testcase classname="tests.backend_test.TestReviews" name="test_create_review_is_pending" time="0.103" /><testcase classname="tests.backend_test.TestAdminEndpoints" name="test_expense_crud" time="0.208" /><testcase classname="tests.backend_test.TestReviews" name="test_admin_can_see_all_reviews" time="0.505" /><testcase classname="tests.backend_test.TestCustomerOrders" name="test_customer_creates_order_and_sees_it" time="0.341" /><testcase classname="tests.backend_test.TestCustomerOrders" name="test_mine_requires_auth" time="0.111" /><testcase classname="tests.backend_test.TestHealth" name="test_root" time="0.149" /></testsuite></testsuites>